TN:
SF:src/App.js
FN:6,App
FNF:1
FNH:0
FNDA:0,App
DA:7,0
LF:1
LH:0
BRF:0
BRH:0
end_of_record
TN:
SF:src/index.js
FNF:0
FNH:0
DA:7,0
DA:17,0
LF:2
LH:0
BRF:0
BRH:0
end_of_record
TN:
SF:src/serviceWorker.js
FN:23,register
FN:34,(anonymous_1)
FN:43,(anonymous_2)
FN:57,registerValidSW
FN:60,(anonymous_4)
FN:61,(anonymous_5)
FN:66,(anonymous_6)
FN:96,(anonymous_7)
FN:101,checkValidServiceWorker
FN:106,(anonymous_9)
FN:114,(anonymous_10)
FN:115,(anonymous_11)
FN:124,(anonymous_12)
FN:131,unregister
FN:134,(anonymous_14)
FN:137,(anonymous_15)
FNF:16
FNH:0
FNDA:0,register
FNDA:0,(anonymous_1)
FNDA:0,(anonymous_2)
FNDA:0,registerValidSW
FNDA:0,(anonymous_4)
FNDA:0,(anonymous_5)
FNDA:0,(anonymous_6)
FNDA:0,(anonymous_7)
FNDA:0,checkValidServiceWorker
FNDA:0,(anonymous_9)
FNDA:0,(anonymous_10)
FNDA:0,(anonymous_11)
FNDA:0,(anonymous_12)
FNDA:0,unregister
FNDA:0,(anonymous_14)
FNDA:0,(anonymous_15)
DA:13,0
DA:24,0
DA:26,0
DA:27,0
DA:31,0
DA:34,0
DA:35,0
DA:37,0
DA:39,0
DA:43,0
DA:44,0
DA:51,0
DA:58,0
DA:61,0
DA:62,0
DA:63,0
DA:64,0
DA:66,0
DA:67,0
DA:68,0
DA:72,0
DA:78,0
DA:79,0
DA:85,0
DA:88,0
DA:89,0
DA:97,0
DA:103,0
DA:108,0
DA:109,0
DA:114,0
DA:115,0
DA:116,0
DA:121,0
DA:125,0
DA:132,0
DA:133,0
DA:135,0
DA:138,0
LF:39
LH:0
BRDA:14,0,0,0
BRDA:14,0,1,0
BRDA:14,0,2,0
BRDA:24,1,0,0
BRDA:24,1,1,0
BRDA:24,2,0,0
BRDA:24,2,1,0
BRDA:27,3,0,0
BRDA:27,3,1,0
BRDA:37,4,0,0
BRDA:37,4,1,0
BRDA:63,5,0,0
BRDA:63,5,1,0
BRDA:67,6,0,0
BRDA:67,6,1,0
BRDA:68,7,0,0
BRDA:68,7,1,0
BRDA:78,8,0,0
BRDA:78,8,1,0
BRDA:78,9,0,0
BRDA:78,9,1,0
BRDA:88,10,0,0
BRDA:88,10,1,0
BRDA:88,11,0,0
BRDA:88,11,1,0
BRDA:109,12,0,0
BRDA:109,12,1,0
BRDA:110,13,0,0
BRDA:110,13,1,0
BRDA:110,13,2,0
BRDA:132,14,0,0
BRDA:132,14,1,0
BRF:32
BRH:0
end_of_record
TN:
SF:src/containers/event.jsx
FN:17,(anonymous_0)
FN:21,(anonymous_1)
FN:24,(anonymous_2)
FN:27,(anonymous_3)
FN:36,(anonymous_4)
FNF:5
FNH:3
FNDA:9,(anonymous_0)
FNDA:2,(anonymous_1)
FNDA:0,(anonymous_2)
FNDA:1,(anonymous_3)
FNDA:0,(anonymous_4)
DA:5,1
DA:17,1
DA:18,9
DA:20,9
DA:22,2
DA:25,0
DA:28,1
DA:33,1
DA:34,1
DA:37,0
DA:41,9
LF:11
LH:9
BRF:0
BRH:0
end_of_record
TN:
SF:src/l2_molecules/button_palette.jsx
FN:8,(anonymous_0)
FNF:1
FNH:1
FNDA:20,(anonymous_0)
DA:4,4
DA:8,4
DA:9,20
DA:18,4
LF:4
LH:4
BRF:0
BRH:0
end_of_record
TN:
SF:src/l2_molecules/labeled_text.jsx
FN:9,(anonymous_0)
FNF:1
FNH:1
FNDA:40,(anonymous_0)
DA:4,4
DA:9,4
DA:10,40
DA:20,4
LF:4
LH:4
BRF:0
BRH:0
end_of_record
TN:
SF:src/l3_organisms/event_entry.jsx
FN:12,(anonymous_0)
FNF:1
FNH:1
FNDA:17,(anonymous_0)
DA:5,3
DA:12,3
DA:13,17
LF:3
LH:3
BRF:0
BRH:0
end_of_record
TN:
SF:src/l3_organisms/event_list.jsx
FN:18,(anonymous_0)
FN:21,(anonymous_1)
FN:24,(anonymous_2)
FNF:3
FNH:3
FNDA:17,(anonymous_0)
FNDA:13,(anonymous_1)
FNDA:2,(anonymous_2)
DA:3,3
DA:18,3
DA:19,17
DA:22,13
DA:24,2
LF:5
LH:5
BRDA:21,0,0,17
BRDA:21,0,1,15
BRDA:24,1,0,2
BRDA:24,1,1,2
BRF:4
BRH:4
end_of_record
TN:
SF:src/l3_organisms/event_map.jsx
FN:32,getMask
FN:38,(anonymous_1)
FN:40,(anonymous_2)
FN:43,MyComponent
FN:44,(anonymous_4)
FNF:5
FNH:2
FNDA:0,getMask
FNDA:13,(anonymous_1)
FNDA:0,(anonymous_2)
FNDA:8,MyComponent
FNDA:0,(anonymous_4)
DA:10,2
DA:11,2
DA:17,2
DA:23,2
DA:33,0
DA:34,0
DA:35,0
DA:38,2
DA:39,13
DA:40,13
DA:41,0
DA:44,8
DA:45,0
DA:46,0
DA:49,8
DA:52,13
LF:16
LH:10
BRF:0
BRH:0
end_of_record
TN:
SF:src/l5_pages/event_page.jsx
FN:5,(anonymous_0)
FNF:1
FNH:1
FNDA:11,(anonymous_0)
DA:5,2
DA:6,11
LF:2
LH:2
BRF:0
BRH:0
end_of_record
TN:
SF:src/modules/store.js
FN:3,(anonymous_0)
FN:6,(anonymous_1)
FNF:2
FNH:2
FNDA:2,(anonymous_0)
FNDA:4,(anonymous_1)
DA:1,2
DA:4,2
DA:7,4
DA:8,4
LF:4
LH:4
BRDA:6,0,0,2
BRDA:8,1,0,1
BRDA:8,1,1,3
BRF:3
BRH:3
end_of_record
